<?xml version="1.0" encoding="UTF-8"?>
<testng-results skipped="0" failed="3" total="6" passed="3">
  <reporter-output>
  </reporter-output>
  <suite name="Suite" duration-ms="8138" started-at="2014-08-01T19:22:53Z" finished-at="2014-08-01T19:23:01Z">
    <groups>
    </groups>
    <test name="Lanzador test Idealista TestNG without parallel (safari)" duration-ms="4668" started-at="2014-08-01T19:22:53Z" finished-at="2014-08-01T19:22:58Z">
      <class name="com.pruebas.seleniumGridTestNG.dataDrivenParallelXML.LanzadorIdealistaTestNG">
        <test-method status="PASS" signature="generoDriver(java.lang.String, java.lang.String, java.lang.String, java.lang.String)[pri:0, instance:com.pruebas.seleniumGridTestNG.dataDrivenParallelXML.LanzadorIdealistaTestNG@2af081]" name="generoDriver" duration-ms="2984" started-at="2014-08-01T21:22:53Z" finished-at="2014-08-01T21:22:56Z">
          <params>
            <param index="0">
              <value>
                <![CDATA[safari]]>
              </value>
            </param>
            <param index="1">
              <value>
                <![CDATA[MAC]]>
              </value>
            </param>
            <param index="2">
              <value>
                <![CDATA[]]>
              </value>
            </param>
            <param index="3">
              <value>
                <![CDATA[http://localhost:4444/wd/hub]]>
              </value>
            </param>
          </params>
          <reporter-output>
          </reporter-output>
        </test-method> <!-- generoDriver -->
        <test-method status="FAIL" signature="ComprarDeactivateHabitacionVacacional()[pri:0, instance:com.pruebas.seleniumGridTestNG.dataDrivenParallelXML.LanzadorIdealistaTestNG@2af081]" name="ComprarDeactivateHabitacionVacacional" duration-ms="1582" started-at="2014-08-01T21:22:56Z" depends-on-methods="com.pruebas.seleniumGridTestNG.dataDrivenParallelXML.LanzadorIdealistaTestNG.generoDriver" finished-at="2014-08-01T21:22:57Z">
          <exception class="org.junit.ComparisonFailure">
            <message>
              <![CDATA[Es posible seleccionar habitacion cuando hemos seleccionado comprar como tipo de servicio expected:<tru[dd]e> but was:<tru[]e>]]>
            </message>
            <full-stacktrace>
              <![CDATA[org.junit.ComparisonFailure: Es posible seleccionar habitacion cuando hemos seleccionado comprar como tipo de servicio expected:<tru[dd]e> but was:<tru[]e>
	at org.junit.Assert.assertEquals(Assert.java:115)
	at com.pruebas.seleniumGridTestNG.dataDrivenParallelXML.ManejadorPrograma.logicaPrograma(ManejadorPrograma.java:61)
	at com.pruebas.seleniumGridTestNG.dataDrivenParallelXML.LanzadorIdealistaTestNG.ComprarDeactivateHabitacionVacacional(LanzadorIdealistaTestNG.java:113)
	at sun.reflect.NativeMethodAccessorImpl.invoke0(Native Method)
	at sun.reflect.NativeMethodAccessorImpl.invoke(NativeMethodAccessorImpl.java:39)
	at sun.reflect.DelegatingMethodAccessorImpl.invoke(DelegatingMethodAccessorImpl.java:25)
	at java.lang.reflect.Method.invoke(Method.java:597)
	at org.testng.internal.MethodInvocationHelper.invokeMethod(MethodInvocationHelper.java:80)
	at org.testng.internal.Invoker.invokeMethod(Invoker.java:714)
	at org.testng.internal.Invoker.invokeTestMethod(Invoker.java:901)
	at org.testng.internal.Invoker.invokeTestMethods(Invoker.java:1231)
	at org.testng.internal.TestMethodWorker.invokeTestMethods(TestMethodWorker.java:127)
	at org.testng.internal.TestMethodWorker.run(TestMethodWorker.java:111)
	at org.testng.TestRunner.privateRun(TestRunner.java:767)
	at org.testng.TestRunner.run(TestRunner.java:617)
	at org.testng.SuiteRunner.runTest(SuiteRunner.java:334)
	at org.testng.SuiteRunner.access$000(SuiteRunner.java:37)
	at org.testng.SuiteRunner$SuiteWorker.run(SuiteRunner.java:368)
	at org.testng.internal.thread.ThreadUtil$2.call(ThreadUtil.java:64)
	at java.util.concurrent.FutureTask$Sync.innerRun(FutureTask.java:303)
	at java.util.concurrent.FutureTask.run(FutureTask.java:138)
	at java.util.concurrent.ThreadPoolExecutor$Worker.runTask(ThreadPoolExecutor.java:895)
	at java.util.concurrent.ThreadPoolExecutor$Worker.run(ThreadPoolExecutor.java:918)
	at java.lang.Thread.run(Thread.java:695)
]]>
            </full-stacktrace>
          </exception> <!-- org.junit.ComparisonFailure -->
          <reporter-output>
          </reporter-output>
        </test-method> <!-- ComprarDeactivateHabitacionVacacional -->
        <test-method status="PASS" signature="tearDown()[pri:0, instance:com.pruebas.seleniumGridTestNG.dataDrivenParallelXML.LanzadorIdealistaTestNG@2af081]" name="tearDown" is-config="true" duration-ms="69" started-at="2014-08-01T21:22:58Z" finished-at="2014-08-01T21:22:58Z">
          <reporter-output>
          </reporter-output>
        </test-method> <!-- tearDown -->
      </class> <!-- com.pruebas.seleniumGridTestNG.dataDrivenParallelXML.LanzadorIdealistaTestNG -->
    </test> <!-- Lanzador test Idealista TestNG without parallel (safari) -->
    <test name="Lanzador test Idealista TestNG without parallel (chrome)" duration-ms="6703" started-at="2014-08-01T19:22:53Z" finished-at="2014-08-01T19:23:00Z">
      <class name="com.pruebas.seleniumGridTestNG.dataDrivenParallelXML.LanzadorIdealistaTestNG">
        <test-method status="PASS" signature="generoDriver(java.lang.String, java.lang.String, java.lang.String, java.lang.String)[pri:0, instance:com.pruebas.seleniumGridTestNG.dataDrivenParallelXML.LanzadorIdealistaTestNG@2e297ffb]" name="generoDriver" duration-ms="3031" started-at="2014-08-01T21:22:53Z" finished-at="2014-08-01T21:22:56Z">
          <params>
            <param index="0">
              <value>
                <![CDATA[chrome]]>
              </value>
            </param>
            <param index="1">
              <value>
                <![CDATA[MAC]]>
              </value>
            </param>
            <param index="2">
              <value>
                <![CDATA[]]>
              </value>
            </param>
            <param index="3">
              <value>
                <![CDATA[http://localhost:4444/wd/hub]]>
              </value>
            </param>
          </params>
          <reporter-output>
          </reporter-output>
        </test-method> <!-- generoDriver -->
        <test-method status="FAIL" signature="ComprarDeactivateHabitacionVacacional()[pri:0, instance:com.pruebas.seleniumGridTestNG.dataDrivenParallelXML.LanzadorIdealistaTestNG@2e297ffb]" name="ComprarDeactivateHabitacionVacacional" duration-ms="2959" started-at="2014-08-01T21:22:56Z" depends-on-methods="com.pruebas.seleniumGridTestNG.dataDrivenParallelXML.LanzadorIdealistaTestNG.generoDriver" finished-at="2014-08-01T21:22:59Z">
          <exception class="org.junit.ComparisonFailure">
            <message>
              <![CDATA[Es posible seleccionar habitacion cuando hemos seleccionado comprar como tipo de servicio expected:<tru[dd]e> but was:<tru[]e>]]>
            </message>
            <full-stacktrace>
              <![CDATA[org.junit.ComparisonFailure: Es posible seleccionar habitacion cuando hemos seleccionado comprar como tipo de servicio expected:<tru[dd]e> but was:<tru[]e>
	at org.junit.Assert.assertEquals(Assert.java:115)
	at com.pruebas.seleniumGridTestNG.dataDrivenParallelXML.ManejadorPrograma.logicaPrograma(ManejadorPrograma.java:61)
	at com.pruebas.seleniumGridTestNG.dataDrivenParallelXML.LanzadorIdealistaTestNG.ComprarDeactivateHabitacionVacacional(LanzadorIdealistaTestNG.java:113)
	at sun.reflect.NativeMethodAccessorImpl.invoke0(Native Method)
	at sun.reflect.NativeMethodAccessorImpl.invoke(NativeMethodAccessorImpl.java:39)
	at sun.reflect.DelegatingMethodAccessorImpl.invoke(DelegatingMethodAccessorImpl.java:25)
	at java.lang.reflect.Method.invoke(Method.java:597)
	at org.testng.internal.MethodInvocationHelper.invokeMethod(MethodInvocationHelper.java:80)
	at org.testng.internal.Invoker.invokeMethod(Invoker.java:714)
	at org.testng.internal.Invoker.invokeTestMethod(Invoker.java:901)
	at org.testng.internal.Invoker.invokeTestMethods(Invoker.java:1231)
	at org.testng.internal.TestMethodWorker.invokeTestMethods(TestMethodWorker.java:127)
	at org.testng.internal.TestMethodWorker.run(TestMethodWorker.java:111)
	at org.testng.TestRunner.privateRun(TestRunner.java:767)
	at org.testng.TestRunner.run(TestRunner.java:617)
	at org.testng.SuiteRunner.runTest(SuiteRunner.java:334)
	at org.testng.SuiteRunner.access$000(SuiteRunner.java:37)
	at org.testng.SuiteRunner$SuiteWorker.run(SuiteRunner.java:368)
	at org.testng.internal.thread.ThreadUtil$2.call(ThreadUtil.java:64)
	at java.util.concurrent.FutureTask$Sync.innerRun(FutureTask.java:303)
	at java.util.concurrent.FutureTask.run(FutureTask.java:138)
	at java.util.concurrent.ThreadPoolExecutor$Worker.runTask(ThreadPoolExecutor.java:895)
	at java.util.concurrent.ThreadPoolExecutor$Worker.run(ThreadPoolExecutor.java:918)
	at java.lang.Thread.run(Thread.java:695)
]]>
            </full-stacktrace>
          </exception> <!-- org.junit.ComparisonFailure -->
          <reporter-output>
          </reporter-output>
        </test-method> <!-- ComprarDeactivateHabitacionVacacional -->
        <test-method status="PASS" signature="tearDown()[pri:0, instance:com.pruebas.seleniumGridTestNG.dataDrivenParallelXML.LanzadorIdealistaTestNG@2e297ffb]" name="tearDown" is-config="true" duration-ms="687" started-at="2014-08-01T21:22:59Z" finished-at="2014-08-01T21:23:00Z">
          <reporter-output>
          </reporter-output>
        </test-method> <!-- tearDown -->
      </class> <!-- com.pruebas.seleniumGridTestNG.dataDrivenParallelXML.LanzadorIdealistaTestNG -->
    </test> <!-- Lanzador test Idealista TestNG without parallel (chrome) -->
    <test name="Lanzador test Idealista TestNG without parallel (firefox)" duration-ms="8138" started-at="2014-08-01T19:22:53Z" finished-at="2014-08-01T19:23:01Z">
      <class name="com.pruebas.seleniumGridTestNG.dataDrivenParallelXML.LanzadorIdealistaTestNG">
        <test-method status="PASS" signature="generoDriver(java.lang.String, java.lang.String, java.lang.String, java.lang.String)[pri:0, instance:com.pruebas.seleniumGridTestNG.dataDrivenParallelXML.LanzadorIdealistaTestNG@31b5998f]" name="generoDriver" duration-ms="6580" started-at="2014-08-01T21:22:53Z" finished-at="2014-08-01T21:23:00Z">
          <params>
            <param index="0">
              <value>
                <![CDATA[firefox]]>
              </value>
            </param>
            <param index="1">
              <value>
                <![CDATA[MAC]]>
              </value>
            </param>
            <param index="2">
              <value>
                <![CDATA[31.0]]>
              </value>
            </param>
            <param index="3">
              <value>
                <![CDATA[http://localhost:4444/wd/hub]]>
              </value>
            </param>
          </params>
          <reporter-output>
          </reporter-output>
        </test-method> <!-- generoDriver -->
        <test-method status="FAIL" signature="ComprarDeactivateHabitacionVacacional()[pri:0, instance:com.pruebas.seleniumGridTestNG.dataDrivenParallelXML.LanzadorIdealistaTestNG@31b5998f]" name="ComprarDeactivateHabitacionVacacional" duration-ms="1441" started-at="2014-08-01T21:23:00Z" depends-on-methods="com.pruebas.seleniumGridTestNG.dataDrivenParallelXML.LanzadorIdealistaTestNG.generoDriver" finished-at="2014-08-01T21:23:01Z">
          <exception class="org.junit.ComparisonFailure">
            <message>
              <![CDATA[Es posible seleccionar habitacion cuando hemos seleccionado comprar como tipo de servicio expected:<tru[dd]e> but was:<tru[]e>]]>
            </message>
            <full-stacktrace>
              <![CDATA[org.junit.ComparisonFailure: Es posible seleccionar habitacion cuando hemos seleccionado comprar como tipo de servicio expected:<tru[dd]e> but was:<tru[]e>
	at org.junit.Assert.assertEquals(Assert.java:115)
	at com.pruebas.seleniumGridTestNG.dataDrivenParallelXML.ManejadorPrograma.logicaPrograma(ManejadorPrograma.java:61)
	at com.pruebas.seleniumGridTestNG.dataDrivenParallelXML.LanzadorIdealistaTestNG.ComprarDeactivateHabitacionVacacional(LanzadorIdealistaTestNG.java:113)
	at sun.reflect.NativeMethodAccessorImpl.invoke0(Native Method)
	at sun.reflect.NativeMethodAccessorImpl.invoke(NativeMethodAccessorImpl.java:39)
	at sun.reflect.DelegatingMethodAccessorImpl.invoke(DelegatingMethodAccessorImpl.java:25)
	at java.lang.reflect.Method.invoke(Method.java:597)
	at org.testng.internal.MethodInvocationHelper.invokeMethod(MethodInvocationHelper.java:80)
	at org.testng.internal.Invoker.invokeMethod(Invoker.java:714)
	at org.testng.internal.Invoker.invokeTestMethod(Invoker.java:901)
	at org.testng.internal.Invoker.invokeTestMethods(Invoker.java:1231)
	at org.testng.internal.TestMethodWorker.invokeTestMethods(TestMethodWorker.java:127)
	at org.testng.internal.TestMethodWorker.run(TestMethodWorker.java:111)
	at org.testng.TestRunner.privateRun(TestRunner.java:767)
	at org.testng.TestRunner.run(TestRunner.java:617)
	at org.testng.SuiteRunner.runTest(SuiteRunner.java:334)
	at org.testng.SuiteRunner.access$000(SuiteRunner.java:37)
	at org.testng.SuiteRunner$SuiteWorker.run(SuiteRunner.java:368)
	at org.testng.internal.thread.ThreadUtil$2.call(ThreadUtil.java:64)
	at java.util.concurrent.FutureTask$Sync.innerRun(FutureTask.java:303)
	at java.util.concurrent.FutureTask.run(FutureTask.java:138)
	at java.util.concurrent.ThreadPoolExecutor$Worker.runTask(ThreadPoolExecutor.java:895)
	at java.util.concurrent.ThreadPoolExecutor$Worker.run(ThreadPoolExecutor.java:918)
	at java.lang.Thread.run(Thread.java:695)
]]>
            </full-stacktrace>
          </exception> <!-- org.junit.ComparisonFailure -->
          <reporter-output>
          </reporter-output>
        </test-method> <!-- ComprarDeactivateHabitacionVacacional -->
        <test-method status="PASS" signature="tearDown()[pri:0, instance:com.pruebas.seleniumGridTestNG.dataDrivenParallelXML.LanzadorIdealistaTestNG@31b5998f]" name="tearDown" is-config="true" duration-ms="93" started-at="2014-08-01T21:23:01Z" finished-at="2014-08-01T21:23:01Z">
          <reporter-output>
          </reporter-output>
        </test-method> <!-- tearDown -->
      </class> <!-- com.pruebas.seleniumGridTestNG.dataDrivenParallelXML.LanzadorIdealistaTestNG -->
    </test> <!-- Lanzador test Idealista TestNG without parallel (firefox) -->
  </suite> <!-- Suite -->
</testng-results>
